{"C:\\Users\\caroo\\OneDrive\\Desktop\\desafio-vila-app\\roman-api\\src\\presentation\\controllers\\signup\\signup.ts": {"path":"C:\\Users\\caroo\\OneDrive\\Desktop\\desafio-vila-app\\roman-api\\src\\presentation\\controllers\\signup\\signup.ts","statementMap":{"0":{"start":{"line":1,"column":0},"end":{"line":1,"column":66}},"1":{"start":{"line":2,"column":0},"end":{"line":2,"column":74}},"2":{"start":{"line":13,"column":8},"end":{"line":13,"column":null}},"3":{"start":{"line":14,"column":8},"end":{"line":14,"column":null}},"4":{"start":{"line":18,"column":8},"end":{"line":40,"column":null}},"5":{"start":{"line":19,"column":34},"end":{"line":19,"column":63}},"6":{"start":{"line":20,"column":12},"end":{"line":24,"column":null}},"7":{"start":{"line":21,"column":16},"end":{"line":23,"column":null}},"8":{"start":{"line":22,"column":20},"end":{"line":22,"column":null}},"9":{"start":{"line":25,"column":46},"end":{"line":25,"column":58}},"10":{"start":{"line":26,"column":28},"end":{"line":26,"column":62}},"11":{"start":{"line":27,"column":12},"end":{"line":29,"column":null}},"12":{"start":{"line":28,"column":16},"end":{"line":28,"column":null}},"13":{"start":{"line":30,"column":28},"end":{"line":34,"column":14}},"14":{"start":{"line":36,"column":12},"end":{"line":36,"column":null}},"15":{"start":{"line":39,"column":12},"end":{"line":39,"column":null}},"16":{"start":{"line":8,"column":0},"end":{"line":8,"column":13}}},"fnMap":{"0":{"name":"(anonymous_0)","decl":{"start":{"line":12,"column":4},"end":{"line":12,"column":16}},"loc":{"start":{"line":12,"column":70},"end":{"line":15,"column":5}}},"1":{"name":"(anonymous_1)","decl":{"start":{"line":17,"column":4},"end":{"line":17,"column":9}},"loc":{"start":{"line":17,"column":37},"end":{"line":41,"column":5}}}},"branchMap":{"0":{"loc":{"start":{"line":21,"column":16},"end":{"line":23,"column":null}},"type":"if","locations":[{"start":{"line":21,"column":16},"end":{"line":23,"column":null}}]},"1":{"loc":{"start":{"line":27,"column":12},"end":{"line":29,"column":null}},"type":"if","locations":[{"start":{"line":27,"column":12},"end":{"line":29,"column":null}}]}},"s":{"0":1,"1":1,"2":8,"3":8,"4":8,"5":8,"6":8,"7":21,"8":3,"9":5,"10":5,"11":4,"12":1,"13":3,"14":3,"15":1,"16":1},"f":{"0":8,"1":8},"b":{"0":[3],"1":[1]}}
,"C:\\Users\\caroo\\OneDrive\\Desktop\\desafio-vila-app\\roman-api\\src\\presentation\\errors\\index.ts": {"path":"C:\\Users\\caroo\\OneDrive\\Desktop\\desafio-vila-app\\roman-api\\src\\presentation\\errors\\index.ts","statementMap":{"0":{"start":{"line":1,"column":0},"end":{"line":1,"column":37}},"1":{"start":{"line":2,"column":0},"end":{"line":2,"column":37}},"2":{"start":{"line":3,"column":0},"end":{"line":3,"column":30}}},"fnMap":{},"branchMap":{},"s":{"0":1,"1":1,"2":1},"f":{},"b":{}}
,"C:\\Users\\caroo\\OneDrive\\Desktop\\desafio-vila-app\\roman-api\\src\\presentation\\errors\\invalid-param-error.ts": {"path":"C:\\Users\\caroo\\OneDrive\\Desktop\\desafio-vila-app\\roman-api\\src\\presentation\\errors\\invalid-param-error.ts","statementMap":{"0":{"start":{"line":3,"column":6},"end":{"line":3,"column":null}},"1":{"start":{"line":4,"column":6},"end":{"line":4,"column":null}},"2":{"start":{"line":1,"column":0},"end":{"line":1,"column":13}}},"fnMap":{"0":{"name":"(anonymous_0)","decl":{"start":{"line":2,"column":4},"end":{"line":2,"column":17}},"loc":{"start":{"line":2,"column":34},"end":{"line":5,"column":5}}}},"branchMap":{},"s":{"0":2,"1":2,"2":1},"f":{"0":2},"b":{}}
,"C:\\Users\\caroo\\OneDrive\\Desktop\\desafio-vila-app\\roman-api\\src\\presentation\\errors\\missing-param-error.ts": {"path":"C:\\Users\\caroo\\OneDrive\\Desktop\\desafio-vila-app\\roman-api\\src\\presentation\\errors\\missing-param-error.ts","statementMap":{"0":{"start":{"line":3,"column":6},"end":{"line":3,"column":null}},"1":{"start":{"line":4,"column":6},"end":{"line":4,"column":null}},"2":{"start":{"line":1,"column":0},"end":{"line":1,"column":13}}},"fnMap":{"0":{"name":"(anonymous_0)","decl":{"start":{"line":2,"column":4},"end":{"line":2,"column":17}},"loc":{"start":{"line":2,"column":34},"end":{"line":5,"column":5}}}},"branchMap":{},"s":{"0":6,"1":6,"2":1},"f":{"0":6},"b":{}}
,"C:\\Users\\caroo\\OneDrive\\Desktop\\desafio-vila-app\\roman-api\\src\\presentation\\errors\\server-error.ts": {"path":"C:\\Users\\caroo\\OneDrive\\Desktop\\desafio-vila-app\\roman-api\\src\\presentation\\errors\\server-error.ts","statementMap":{"0":{"start":{"line":3,"column":6},"end":{"line":3,"column":null}},"1":{"start":{"line":4,"column":6},"end":{"line":4,"column":null}},"2":{"start":{"line":1,"column":0},"end":{"line":1,"column":13}}},"fnMap":{"0":{"name":"(anonymous_0)","decl":{"start":{"line":2,"column":4},"end":{"line":2,"column":null}},"loc":{"start":{"line":2,"column":4},"end":{"line":5,"column":5}}}},"branchMap":{},"s":{"0":2,"1":2,"2":1},"f":{"0":2},"b":{}}
,"C:\\Users\\caroo\\OneDrive\\Desktop\\desafio-vila-app\\roman-api\\src\\presentation\\helpers\\http-helper.ts": {"path":"C:\\Users\\caroo\\OneDrive\\Desktop\\desafio-vila-app\\roman-api\\src\\presentation\\helpers\\http-helper.ts","statementMap":{"0":{"start":{"line":1,"column":0},"end":{"line":1,"column":62}},"1":{"start":{"line":4,"column":26},"end":{"line":7,"column":4}},"2":{"start":{"line":4,"column":59},"end":{"line":7,"column":4}},"3":{"start":{"line":4,"column":13},"end":{"line":4,"column":26}},"4":{"start":{"line":9,"column":27},"end":{"line":12,"column":4}},"5":{"start":{"line":9,"column":60},"end":{"line":12,"column":4}},"6":{"start":{"line":9,"column":15},"end":{"line":9,"column":27}},"7":{"start":{"line":14,"column":29},"end":{"line":17,"column":4}},"8":{"start":{"line":14,"column":50},"end":{"line":17,"column":4}},"9":{"start":{"line":14,"column":15},"end":{"line":14,"column":29}},"10":{"start":{"line":19,"column":20},"end":{"line":22,"column":4}},"11":{"start":{"line":19,"column":50},"end":{"line":22,"column":4}},"12":{"start":{"line":19,"column":15},"end":{"line":19,"column":20}},"13":{"start":{"line":24,"column":27},"end":{"line":27,"column":4}},"14":{"start":{"line":24,"column":48},"end":{"line":27,"column":4}},"15":{"start":{"line":24,"column":15},"end":{"line":24,"column":27}}},"fnMap":{"0":{"name":"(anonymous_0)","decl":{"start":{"line":4,"column":26},"end":{"line":4,"column":27}},"loc":{"start":{"line":4,"column":59},"end":{"line":7,"column":4}}},"1":{"name":"(anonymous_1)","decl":{"start":{"line":9,"column":27},"end":{"line":9,"column":28}},"loc":{"start":{"line":9,"column":60},"end":{"line":12,"column":4}}},"2":{"name":"(anonymous_2)","decl":{"start":{"line":14,"column":29},"end":{"line":14,"column":46}},"loc":{"start":{"line":14,"column":50},"end":{"line":17,"column":4}}},"3":{"name":"(anonymous_3)","decl":{"start":{"line":19,"column":20},"end":{"line":19,"column":21}},"loc":{"start":{"line":19,"column":50},"end":{"line":22,"column":4}}},"4":{"name":"(anonymous_4)","decl":{"start":{"line":24,"column":27},"end":{"line":24,"column":44}},"loc":{"start":{"line":24,"column":48},"end":{"line":27,"column":4}}}},"branchMap":{},"s":{"0":1,"1":1,"2":4,"3":1,"4":1,"5":0,"6":1,"7":1,"8":1,"9":1,"10":1,"11":3,"12":1,"13":1,"14":0,"15":1},"f":{"0":4,"1":0,"2":1,"3":3,"4":0},"b":{}}
,"C:\\Users\\caroo\\OneDrive\\Desktop\\desafio-vila-app\\roman-api\\src\\presentation\\helpers\\index.ts": {"path":"C:\\Users\\caroo\\OneDrive\\Desktop\\desafio-vila-app\\roman-api\\src\\presentation\\helpers\\index.ts","statementMap":{"0":{"start":{"line":1,"column":0},"end":{"line":1,"column":29}}},"fnMap":{},"branchMap":{},"s":{"0":1},"f":{},"b":{}}
,"C:\\Users\\caroo\\OneDrive\\Desktop\\desafio-vila-app\\roman-api\\src\\presentation\\protocols\\index.ts": {"path":"C:\\Users\\caroo\\OneDrive\\Desktop\\desafio-vila-app\\roman-api\\src\\presentation\\protocols\\index.ts","statementMap":{"0":{"start":{"line":1,"column":0},"end":{"line":1,"column":20}},"1":{"start":{"line":2,"column":0},"end":{"line":2,"column":33}}},"fnMap":{},"branchMap":{},"s":{"0":0,"1":0},"f":{},"b":{}}
}
